c:\users\lc\desktop\工作\pro2\monitor\monitor\debug\monitor.pch
c:\users\lc\desktop\工作\pro2\monitor\monitor\debug\vc120.pdb
c:\users\lc\desktop\工作\pro2\monitor\monitor\debug\vc120.idb
c:\users\lc\desktop\工作\pro2\monitor\monitor\debug\stdafx.obj
c:\users\lc\desktop\工作\pro2\monitor\monitor\debug\aes.obj
c:\users\lc\desktop\工作\pro2\monitor\monitor\debug\base64.obj
c:\users\lc\desktop\工作\pro2\monitor\monitor\debug\dbsqlite.obj
c:\users\lc\desktop\工作\pro2\monitor\monitor\debug\hmac_sha1.obj
c:\users\lc\desktop\工作\pro2\monitor\monitor\debug\monitordlg.obj
c:\users\lc\desktop\工作\pro2\monitor\monitor\debug\setkbaseinfodlg.obj
c:\users\lc\desktop\工作\pro2\monitor\monitor\debug\threadpool.obj
c:\users\lc\desktop\工作\pro2\monitor\monitor\debug\registinfodlg.obj
c:\users\lc\desktop\工作\pro2\monitor\monitor\debug\sha1.obj
c:\users\lc\desktop\工作\pro2\monitor\monitor\debug\unzip.obj
c:\users\lc\desktop\工作\pro2\monitor\monitor\debug\updateprogress.obj
c:\users\lc\desktop\工作\pro2\monitor\monitor\debug\zip.obj
c:\users\lc\desktop\工作\pro2\monitor\monitor\debug\zipimplement.obj
c:\users\lc\desktop\工作\pro2\monitor\monitor\debug\monitor.obj
c:\users\lc\desktop\工作\pro2\monitor\debug\monitor.ilk
c:\users\lc\desktop\工作\pro2\monitor\debug\monitor.exe
c:\users\lc\desktop\工作\pro2\monitor\debug\monitor.pdb
c:\users\lc\desktop\工作\pro2\monitor\monitor\debug\monitor.res
c:\users\lc\desktop\工作\pro2\monitor\monitor\debug\msxml3.tli
c:\users\lc\desktop\工作\pro2\monitor\monitor\debug\msxml3.tlh
c:\users\lc\desktop\工作\pro2\monitor\monitor\debug\monitor.tlog\cl.command.1.tlog
c:\users\lc\desktop\工作\pro2\monitor\monitor\debug\monitor.tlog\cl.read.1.tlog
c:\users\lc\desktop\工作\pro2\monitor\monitor\debug\monitor.tlog\cl.write.1.tlog
c:\users\lc\desktop\工作\pro2\monitor\monitor\debug\monitor.tlog\link.command.1.tlog
c:\users\lc\desktop\工作\pro2\monitor\monitor\debug\monitor.tlog\link.read.1.tlog
c:\users\lc\desktop\工作\pro2\monitor\monitor\debug\monitor.tlog\link.write.1.tlog
c:\users\lc\desktop\工作\pro2\monitor\monitor\debug\monitor.tlog\rc.command.1.tlog
c:\users\lc\desktop\工作\pro2\monitor\monitor\debug\monitor.tlog\rc.read.1.tlog
c:\users\lc\desktop\工作\pro2\monitor\monitor\debug\monitor.tlog\rc.write.1.tlog
