生成启动时间为 2020/8/27 15:18:49。
     1>项目“C:\Users\LC\Desktop\work2019\Pro2\monitor_copy\StandardMonitor\Monitor\Monitor.vcxproj”在节点 2 上(Build 个目标)。
     1>C:\Program Files (x86)\MSBuild\Microsoft.Cpp\v4.0\V120\Microsoft.CppBuild.targets(381,5): warning MSB8028: The intermediate directory (Debug\) contains files shared from another project (Monitor.vcxproj).  This can lead to incorrect clean and rebuild behavior.
     1>ClCompile:
         D:\vs2013\VC\bin\CL.exe /c /ZI /nologo /W3 /WX- /Od /Oy- /D WIN32 /D _WINDOWS /D _DEBUG /D _UNICODE /D UNICODE /Gm /EHsc /RTC1 /MTd /GS /fp:precise /Zc:wchar_t /Zc:forScope /Yu"stdafx.h" /Fp"Debug\StandardMonitor.pch" /Fo"Debug\\" /Fd"Debug\vc120.pdb" /Gd /TP /analyze- /errorReport:prompt Monitor.cpp
         Monitor.cpp
     1>c:\users\lc\desktop\work2019\pro2\monitor_copy\standardmonitor\monitor\endecryption.h(866): warning C4309: “初始化”: 截断常量值
     1>c:\users\lc\desktop\work2019\pro2\monitor_copy\standardmonitor\monitor\endecryption.h(867): warning C4309: “初始化”: 截断常量值
     1>c:\users\lc\desktop\work2019\pro2\monitor_copy\standardmonitor\monitor\endecryption.h(868): warning C4309: “初始化”: 截断常量值
     1>c:\users\lc\desktop\work2019\pro2\monitor_copy\standardmonitor\monitor\endecryption.h(872): warning C4101: “i”: 未引用的局部变量
     1>c:\users\lc\desktop\work2019\pro2\monitor_copy\standardmonitor\monitor\endecryption.h(872): warning C4101: “j”: 未引用的局部变量
         Unicode Selected
     1>c:\users\lc\desktop\work2019\pro2\monitor_copy\standardmonitor\monitor\monitor.cpp(512): warning C4018: “<”: 有符号/无符号不匹配
     1>c:\users\lc\desktop\work2019\pro2\monitor_copy\standardmonitor\monitor\monitor.cpp(949): warning C4996: 'strcpy': This function or variable may be unsafe. Consider using strcpy_s instead. To disable deprecation, use _CRT_SECURE_NO_WARNINGS. See online help for details.
                 d:\vs2013\vc\include\string.h(112) : 参见“strcpy”的声明
     1>c:\users\lc\desktop\work2019\pro2\monitor_copy\standardmonitor\monitor\monitor.cpp(992): warning C4804: “<=”: 在操作中使用类型“bool”不安全
     1>c:\users\lc\desktop\work2019\pro2\monitor_copy\standardmonitor\monitor\monitor.cpp(995): warning C4018: “>=”: 有符号/无符号不匹配
     1>c:\users\lc\desktop\work2019\pro2\monitor_copy\standardmonitor\monitor\monitor.cpp(3017): warning C4800: “BOOL”: 将值强制为布尔值“true”或“false”(性能警告)
     1>c:\users\lc\desktop\work2019\pro2\monitor_copy\standardmonitor\monitor\monitor.cpp(3346): warning C4996: 'GetVersion': 被声明为已否决
                 c:\program files (x86)\windows kits\8.1\include\um\sysinfoapi.h(110) : 参见“GetVersion”的声明
     1>c:\users\lc\desktop\work2019\pro2\monitor_copy\standardmonitor\monitor\monitor.cpp(3585): warning C4996: 'fopen': This function or variable may be unsafe. Consider using fopen_s instead. To disable deprecation, use _CRT_SECURE_NO_WARNINGS. See online help for details.
                 d:\vs2013\vc\include\stdio.h(211) : 参见“fopen”的声明
       Link:
         D:\vs2013\VC\bin\link.exe /ERRORREPORT:PROMPT /OUT:"C:\Users\LC\Desktop\work2019\Pro2\monitor_copy\StandardMonitor\Debug\StandardMonitor.exe" /INCREMENTAL /NOLOGO Delayimp.lib /DELAYLOAD:ReaderEx_d.dll /MANIFEST /MANIFESTUAC:"level='requireAdministrator' uiAccess='false'" /manifest:embed /manifestinput:D:\vs2013\VC\Include\Manifest\dpiaware.manifest /DEBUG /PDB:"C:\Users\LC\Desktop\work2019\Pro2\monitor_copy\StandardMonitor\Debug\StandardMonitor.pdb" /SUBSYSTEM:WINDOWS /TLBID:1 /ENTRY:"wWinMainCRTStartup" /DYNAMICBASE /NXCOMPAT /IMPLIB:"C:\Users\LC\Desktop\work2019\Pro2\monitor_copy\StandardMonitor\Debug\StandardMonitor.lib" /MACHINE:X86 /SAFESEH /SAFESEH:NO Debug\Monitor.res
         Debug\Aes.obj
         Debug\Base64.obj
         Debug\DbSqlite.obj
         Debug\HMAC_SHA1.obj
         Debug\Monitor.obj
         Debug\MonitorDlg.obj
         Debug\SetKbaseInfoDlg.obj
         Debug\ThreadPool.obj
         Debug\RegistInfoDlg.obj
         Debug\SHA1.obj
         Debug\stdafx.obj
         Debug\unzip.obj
         Debug\UpdateProgress.obj
         Debug\zip.obj
         Debug\ZipImplement.obj
         Monitor.vcxproj -> C:\Users\LC\Desktop\work2019\Pro2\monitor_copy\StandardMonitor\Debug\StandardMonitor.exe
     1>已完成生成项目“C:\Users\LC\Desktop\work2019\Pro2\monitor_copy\StandardMonitor\Monitor\Monitor.vcxproj”(Build 个目标)的操作。

生成成功。

已用时间 00:00:02.01
