c:\users\lc\desktop\work2019\pro2\monitor_copy\standardmonitor\monitor\release\standardmonitor.pch
c:\users\lc\desktop\work2019\pro2\monitor_copy\standardmonitor\monitor\release\vc120.pdb
c:\users\lc\desktop\work2019\pro2\monitor_copy\standardmonitor\monitor\release\stdafx.obj
c:\users\lc\desktop\work2019\pro2\monitor_copy\standardmonitor\monitor\release\zipimplement.obj
c:\users\lc\desktop\work2019\pro2\monitor_copy\standardmonitor\monitor\release\zip.obj
c:\users\lc\desktop\work2019\pro2\monitor_copy\standardmonitor\monitor\release\updateprogress.obj
c:\users\lc\desktop\work2019\pro2\monitor_copy\standardmonitor\monitor\release\unzip.obj
c:\users\lc\desktop\work2019\pro2\monitor_copy\standardmonitor\monitor\release\sha1.obj
c:\users\lc\desktop\work2019\pro2\monitor_copy\standardmonitor\monitor\release\registinfodlg.obj
c:\users\lc\desktop\work2019\pro2\monitor_copy\standardmonitor\monitor\release\threadpool.obj
c:\users\lc\desktop\work2019\pro2\monitor_copy\standardmonitor\monitor\release\setkbaseinfodlg.obj
c:\users\lc\desktop\work2019\pro2\monitor_copy\standardmonitor\monitor\release\monitordlg.obj
c:\users\lc\desktop\work2019\pro2\monitor_copy\standardmonitor\monitor\release\monitor.obj
c:\users\lc\desktop\work2019\pro2\monitor_copy\standardmonitor\monitor\release\hmac_sha1.obj
c:\users\lc\desktop\work2019\pro2\monitor_copy\standardmonitor\monitor\release\dbsqlite.obj
c:\users\lc\desktop\work2019\pro2\monitor_copy\standardmonitor\monitor\release\base64.obj
c:\users\lc\desktop\work2019\pro2\monitor_copy\standardmonitor\monitor\release\aes.obj
c:\users\lc\desktop\work2019\pro2\monitor_copy\standardmonitor\release\standardmonitor.exe
c:\users\lc\desktop\work2019\pro2\monitor_copy\standardmonitor\release\standardmonitor.pdb
c:\users\lc\desktop\work2019\pro2\monitor_copy\standardmonitor\monitor\release\monitor.res
c:\users\lc\desktop\work2019\pro2\monitor_copy\standardmonitor\monitor\release\msxml3.tli
c:\users\lc\desktop\work2019\pro2\monitor_copy\standardmonitor\monitor\release\msxml3.tlh
c:\users\lc\desktop\work2019\pro2\monitor_copy\standardmonitor\monitor\release\standardmonitor.tlog\cl.command.1.tlog
c:\users\lc\desktop\work2019\pro2\monitor_copy\standardmonitor\monitor\release\standardmonitor.tlog\cl.read.1.tlog
c:\users\lc\desktop\work2019\pro2\monitor_copy\standardmonitor\monitor\release\standardmonitor.tlog\cl.write.1.tlog
c:\users\lc\desktop\work2019\pro2\monitor_copy\standardmonitor\monitor\release\standardmonitor.tlog\link.command.1.tlog
c:\users\lc\desktop\work2019\pro2\monitor_copy\standardmonitor\monitor\release\standardmonitor.tlog\link.read.1.tlog
c:\users\lc\desktop\work2019\pro2\monitor_copy\standardmonitor\monitor\release\standardmonitor.tlog\link.write.1.tlog
c:\users\lc\desktop\work2019\pro2\monitor_copy\standardmonitor\monitor\release\standardmonitor.tlog\rc.command.1.tlog
c:\users\lc\desktop\work2019\pro2\monitor_copy\standardmonitor\monitor\release\standardmonitor.tlog\rc.read.1.tlog
c:\users\lc\desktop\work2019\pro2\monitor_copy\standardmonitor\monitor\release\standardmonitor.tlog\rc.write.1.tlog
